build/app/outputs/mapping/release/mapping.txt
# compiler: R8
# compiler_version: 1.5.64
# min_api: 16
# pg_map_id: 75623a2
com.example.learnable.MainActivity -> com.example.learnable.MainActivity:
    void configureFlutterEngine(io.flutter.embedding.engine.FlutterEngine) -> b
...
com.google.android.gms.internal.firebase-auth-api.zzhf -> c.a.a.c.f.h.m9:
    int[] zza -> a
com.google.android.gms.internal.firebase-auth-api.zzhg -> c.a.a.c.f.h.n9:
    com.google.android.gms.internal.firebase-auth-api.zzhg zza(com.google.android.gms.internal.firebase-auth-api.zzhj) -> a
    com.google.android.gms.internal.firebase-auth-api.zzhg zzb(com.google.android.gms.internal.firebase-auth-api.zzho) -> a
    com.google.android.gms.internal.firebase-auth-api.zzhg zzc(com.google.android.gms.internal.firebase-auth-api.zzzb) -> a
com.google.android.gms.internal.firebase-auth-api.zzhh -> c.a.a.c.f.h.o9:
    void zzg(com.google.android.gms.internal.firebase-auth-api.zzhh,com.google.android.gms.internal.firebase-auth-api.zzhj) -> a
    void zzh(com.google.android.gms.internal.firebase-auth-api.zzhh,com.google.android.gms.internal.firebase-auth-api.zzho) -> a
    void zzi(com.google.android.gms.internal.firebase-auth-api.zzhh,com.google.android.gms.internal.firebase-auth-api.zzzb) -> a
    java.lang.Object zzj(int,java.lang.Object,java.lang.Object) -> a
    com.google.android.gms.internal.firebase-auth-api.zzhj zza() -> g
    com.google.android.gms.internal.firebase-auth-api.zzho zzb() -> h
    com.google.android.gms.internal.firebase-auth-api.zzzb zzc() -> i
    com.google.android.gms.internal.firebase-auth-api.zzhg zzd() -> n
    com.google.android.gms.internal.firebase-auth-api.zzhh zze() -> p
    com.google.android.gms.internal.firebase-auth-api.zzhh zzf() -> q
com.google.android.gms.internal.firebase-auth-api.zzhi -> c.a.a.c.f.h.p9:
com.google.android.gms.internal.firebase-auth-api.zzhj -> c.a.a.c.f.h.q9:
    com.google.android.gms.internal.firebase-auth-api.zzhj zzf -> h
    com.google.android.gms.internal.firebase-auth-api.zzhj zze -> g
    com.google.android.gms.internal.firebase-auth-api.zzhj zzb -> d
    com.google.android.gms.internal.firebase-auth-api.zzhj zza -> c
    com.google.android.gms.internal.firebase-auth-api.zzhj zzd -> f
    com.google.android.gms.internal.firebase-auth-api.zzhj zzc -> e
    int zzh -> b
    com.google.android.gms.internal.firebase-auth-api.zzhj[] zzi -> i
    int zza() -> a
    com.google.android.gms.internal.firebase-auth-api.zzhj zzb(int) -> a
com.google.android.gms.internal.firebase-auth-api.zzhk -> c.a.a.c.f.h.r9:
    int[] zza -> a
com.google.android.gms.internal.firebase-auth-api.zzhl -> c.a.a.c.f.h.s9:
    com.google.android.gms.internal.firebase-auth-api.zzhl zza(com.google.android.gms.internal.firebase-auth-api.zzzb) -> a
    com.google.android.gms.internal.firebase-auth-api.zzhl zzb(com.google.android.gms.internal.firebase-auth-api.zziu) -> a
com.google.android.gms.internal.firebase-auth-api.zzhm -> c.a.a.c.f.h.t9:
    com.google.android.gms.internal.firebase-auth-api.zzhm zzb(byte[],com.google.android.gms.internal.firebase-auth-api.zzzq) -> a
    void zze(com.google.android.gms.internal.firebase-auth-api.zzhm,com.google.android.gms.internal.firebase-auth-api.zzzb) -> a
    void zzf(com.google.android.gms.internal.firebase-auth-api.zzhm,com.google.android.gms.internal.firebase-auth-api.zziu) -> a
    java.lang.Object zzj(int,java.lang.Object,java.lang.Object) -> a
    com.google.android.gms.internal.firebase-auth-api.zzzb zza() -> g
    com.google.android.gms.internal.firebase-auth-api.zzhl zzc() -> h
    com.google.android.gms.internal.firebase-auth-api.zzhm zzd() -> i
com.google.android.gms.internal.firebase-auth-api.zzhn -> c.a.a.c.f.h.u9: